INFO:     Will watch for changes in these directories: ['/Users/aishwary/Downloads/whoop-insights-main 2/backend']
INFO:     Uvicorn running on http://0.0.0.0:8000 (Press CTRL+C to quit)
INFO:     Started reloader process [25398] using WatchFiles
Process SpawnProcess-1:
Traceback (most recent call last):
  File "/opt/homebrew/Cellar/python@3.14/3.14.0_1/Frameworks/Python.framework/Versions/3.14/lib/python3.14/multiprocessing/process.py", line 320, in _bootstrap
    self.run()
    ~~~~~~~~^^
  File "/opt/homebrew/Cellar/python@3.14/3.14.0_1/Frameworks/Python.framework/Versions/3.14/lib/python3.14/multiprocessing/process.py", line 108, in run
    self._target(*self._args, **self._kwargs)
    ~~~~~~~~~~~~^^^^^^^^^^^^^^^^^^^^^^^^^^^^^
  File "/Users/aishwary/Downloads/whoop-insights-main 2/backend/venv/lib/python3.14/site-packages/uvicorn/_subprocess.py", line 76, in subprocess_started
    target(sockets=sockets)
    ~~~~~~^^^^^^^^^^^^^^^^^
  File "/Users/aishwary/Downloads/whoop-insights-main 2/backend/venv/lib/python3.14/site-packages/uvicorn/server.py", line 61, in run
    return asyncio.run(self.serve(sockets=sockets))
           ~~~~~~~~~~~^^^^^^^^^^^^^^^^^^^^^^^^^^^^^
  File "/opt/homebrew/Cellar/python@3.14/3.14.0_1/Frameworks/Python.framework/Versions/3.14/lib/python3.14/asyncio/runners.py", line 204, in run
    return runner.run(main)
           ~~~~~~~~~~^^^^^^
  File "/opt/homebrew/Cellar/python@3.14/3.14.0_1/Frameworks/Python.framework/Versions/3.14/lib/python3.14/asyncio/runners.py", line 127, in run
    return self._loop.run_until_complete(task)
           ~~~~~~~~~~~~~~~~~~~~~~~~~~~~~^^^^^^
  File "uvloop/loop.pyx", line 1518, in uvloop.loop.Loop.run_until_complete
  File "/Users/aishwary/Downloads/whoop-insights-main 2/backend/venv/lib/python3.14/site-packages/uvicorn/server.py", line 68, in serve
    config.load()
    ~~~~~~~~~~~^^
  File "/Users/aishwary/Downloads/whoop-insights-main 2/backend/venv/lib/python3.14/site-packages/uvicorn/config.py", line 467, in load
    self.loaded_app = import_from_string(self.app)
                      ~~~~~~~~~~~~~~~~~~^^^^^^^^^^
  File "/Users/aishwary/Downloads/whoop-insights-main 2/backend/venv/lib/python3.14/site-packages/uvicorn/importer.py", line 21, in import_from_string
    module = importlib.import_module(module_str)
  File "/opt/homebrew/Cellar/python@3.14/3.14.0_1/Frameworks/Python.framework/Versions/3.14/lib/python3.14/importlib/__init__.py", line 88, in import_module
    return _bootstrap._gcd_import(name[level:], package, level)
           ~~~~~~~~~~~~~~~~~~~~~~^^^^^^^^^^^^^^^^^^^^^^^^^^^^^^
  File "<frozen importlib._bootstrap>", line 1398, in _gcd_import
  File "<frozen importlib._bootstrap>", line 1371, in _find_and_load
  File "<frozen importlib._bootstrap>", line 1342, in _find_and_load_unlocked
  File "<frozen importlib._bootstrap>", line 938, in _load_unlocked
  File "<frozen importlib._bootstrap_external>", line 762, in exec_module
  File "<frozen importlib._bootstrap>", line 491, in _call_with_frames_removed
  File "/Users/aishwary/Downloads/whoop-insights-main 2/backend/app/main.py", line 10, in <module>
    from app.api.v1.router import api_router
  File "/Users/aishwary/Downloads/whoop-insights-main 2/backend/app/api/v1/router.py", line 2, in <module>
    from app.api.v1.endpoints import upload, dashboard, train
  File "/Users/aishwary/Downloads/whoop-insights-main 2/backend/app/api/v1/endpoints/upload.py", line 10, in <module>
    from app.db_session import SessionLocal
  File "/Users/aishwary/Downloads/whoop-insights-main 2/backend/app/db_session.py", line 1, in <module>
    from sqlalchemy import create_engine, event
  File "/Users/aishwary/Downloads/whoop-insights-main 2/backend/venv/lib/python3.14/site-packages/sqlalchemy/__init__.py", line 13, in <module>
    from .engine import AdaptedConnection as AdaptedConnection
  File "/Users/aishwary/Downloads/whoop-insights-main 2/backend/venv/lib/python3.14/site-packages/sqlalchemy/engine/__init__.py", line 18, in <module>
    from . import events as events
  File "/Users/aishwary/Downloads/whoop-insights-main 2/backend/venv/lib/python3.14/site-packages/sqlalchemy/engine/events.py", line 19, in <module>
    from .base import Connection
  File "/Users/aishwary/Downloads/whoop-insights-main 2/backend/venv/lib/python3.14/site-packages/sqlalchemy/engine/base.py", line 30, in <module>
    from .interfaces import BindTyping
  File "/Users/aishwary/Downloads/whoop-insights-main 2/backend/venv/lib/python3.14/site-packages/sqlalchemy/engine/interfaces.py", line 38, in <module>
    from ..sql.compiler import Compiled as Compiled
  File "/Users/aishwary/Downloads/whoop-insights-main 2/backend/venv/lib/python3.14/site-packages/sqlalchemy/sql/__init__.py", line 14, in <module>
    from .compiler import COLLECT_CARTESIAN_PRODUCTS as COLLECT_CARTESIAN_PRODUCTS
  File "/Users/aishwary/Downloads/whoop-insights-main 2/backend/venv/lib/python3.14/site-packages/sqlalchemy/sql/compiler.py", line 61, in <module>
    from . import crud
  File "/Users/aishwary/Downloads/whoop-insights-main 2/backend/venv/lib/python3.14/site-packages/sqlalchemy/sql/crud.py", line 34, in <module>
    from . import dml
  File "/Users/aishwary/Downloads/whoop-insights-main 2/backend/venv/lib/python3.14/site-packages/sqlalchemy/sql/dml.py", line 34, in <module>
    from . import util as sql_util
  File "/Users/aishwary/Downloads/whoop-insights-main 2/backend/venv/lib/python3.14/site-packages/sqlalchemy/sql/util.py", line 46, in <module>
    from .ddl import sort_tables as sort_tables  # noqa: F401
    ^^^^^^^^^^^^^^^^^^^^^^^^^^^^^^^^^^^^^^^^^^^
  File "/Users/aishwary/Downloads/whoop-insights-main 2/backend/venv/lib/python3.14/site-packages/sqlalchemy/sql/ddl.py", line 30, in <module>
    from .elements import ClauseElement
  File "/Users/aishwary/Downloads/whoop-insights-main 2/backend/venv/lib/python3.14/site-packages/sqlalchemy/sql/elements.py", line 808, in <module>
    class SQLCoreOperations(Generic[_T_co], ColumnOperators, TypingOnly):
    ...<472 lines>...
                ...
  File "/opt/homebrew/Cellar/python@3.14/3.14.0_1/Frameworks/Python.framework/Versions/3.14/lib/python3.14/typing.py", line 1161, in _generic_init_subclass
    super(Generic, cls).__init_subclass__(*args, **kwargs)
    ~~~~~~~~~~~~~~~~~~~~~~~~~~~~~~~~~~~~~^^^^^^^^^^^^^^^^^
  File "/Users/aishwary/Downloads/whoop-insights-main 2/backend/venv/lib/python3.14/site-packages/sqlalchemy/util/langhelpers.py", line 1988, in __init_subclass__
    raise AssertionError(
    ...<2 lines>...
    )
AssertionError: Class <class 'sqlalchemy.sql.elements.SQLCoreOperations'> directly inherits TypingOnly but has additional attributes {'__static_attributes__', '__firstlineno__'}.
